SF:lib\features\auth\data\model\user_api_model.dart
DA:13,1
DA:21,1
DA:22,1
DA:23,1
DA:24,1
DA:25,1
DA:26,1
DA:30,1
DA:31,1
DA:32,1
DA:33,1
DA:34,1
DA:35,1
DA:36,1
DA:39,2
DA:40,1
DA:41,1
DA:42,1
DA:43,1
DA:44,1
DA:47,2
DA:48,1
DA:49,1
DA:50,1
DA:51,1
DA:52,1
LF:26
LH:26
end_of_record
SF:lib\features\auth\domain\entity\user_entity.dart
DA:10,2
DA:18,2
DA:25,1
DA:26,3
LF:4
LH:4
end_of_record
SF:lib\core\error\failure.dart
DA:7,3
DA:12,0
DA:13,0
DA:15,0
DA:17,0
DA:22,0
DA:29,3
DA:33,0
LF:8
LH:2
end_of_record
SF:lib\features\auth\domain\usecase\login_user_usecase.dart
DA:12,2
DA:14,1
DA:18,1
DA:19,2
DA:26,1
DA:30,1
DA:33,4
DA:34,1
DA:35,0
DA:36,1
DA:37,2
DA:42,1
LF:12
LH:11
end_of_record
SF:lib\core\shared_prefs\token_shared_prefs.dart
DA:8,0
DA:11,0
DA:13,0
DA:16,0
DA:20,0
DA:22,0
DA:23,0
DA:25,0
LF:8
LH:0
end_of_record
SF:lib\features\auth\domain\usecase\register_user_usecase.dart
DA:14,1
DA:20,2
DA:26,1
DA:27,3
DA:34,1
DA:36,1
DA:38,3
DA:39,1
DA:40,1
DA:41,1
DA:42,1
LF:11
LH:11
end_of_record
SF:lib\features\auth\domain\usecase\upload_profile_usecase.dart
DA:11,1
DA:12,4
DA:19,1
DA:22,1
DA:24,3
LF:5
LH:5
end_of_record
SF:lib\app\common\my_card.dart
DA:5,4
DA:7,0
DA:9,0
DA:12,0
DA:14,0
DA:15,0
DA:17,0
DA:20,0
DA:21,0
DA:60,4
DA:62,0
DA:64,0
DA:67,0
DA:69,0
DA:70,0
DA:72,0
DA:73,0
DA:74,0
DA:76,0
LF:19
LH:2
end_of_record
SF:lib\features\auth\presentation\view_model\login\login_state.dart
DA:4,6
DA:6,1
DA:7,1
DA:13,5
DA:19,2
LF:5
LH:5
end_of_record
SF:lib\features\auth\presentation\view_model\login\login_event.dart
DA:4,1
DA:6,0
DA:7,0
DA:14,0
DA:24,0
DA:34,1
LF:6
LH:2
end_of_record
SF:lib\features\auth\presentation\view_model\login\login_bloc.dart
DA:16,1
DA:23,1
DA:24,1
DA:26,2
DA:27,2
DA:28,2
DA:30,0
DA:32,0
DA:33,0
DA:34,0
DA:35,0
DA:36,0
DA:37,0
DA:38,0
DA:45,0
DA:47,0
DA:48,0
DA:49,0
DA:50,0
DA:51,0
DA:52,0
DA:53,0
DA:56,0
DA:61,1
DA:62,2
DA:63,3
DA:64,1
DA:65,1
DA:68,1
DA:69,1
DA:70,3
DA:73,1
DA:74,1
DA:75,1
LF:34
LH:17
end_of_record
SF:lib\features\auth\presentation\view_model\register\register_event.dart
DA:4,2
DA:6,0
DA:7,0
DA:13,0
DA:24,1
DA:37,1
LF:6
LH:3
end_of_record
SF:lib\features\auth\presentation\view_model\register\register_state.dart
DA:5,6
DA:7,1
DA:8,1
DA:12,6
DA:16,6
DA:20,5
DA:26,2
LF:7
LH:7
end_of_record
SF:lib\features\auth\presentation\view_model\register\register_bloc.dart
DA:15,1
DA:20,1
DA:21,2
DA:22,2
DA:23,2
DA:26,0
DA:28,0
DA:29,0
DA:32,1
DA:33,4
DA:34,3
DA:35,1
DA:36,1
DA:37,1
DA:38,2
DA:41,1
DA:42,1
DA:43,2
DA:44,3
DA:47,1
DA:48,1
DA:55,1
DA:56,1
DA:57,1
DA:58,1
DA:59,3
DA:60,1
DA:61,1
DA:62,1
DA:63,2
DA:64,3
DA:67,1
DA:68,2
LF:33
LH:30
end_of_record
SF:lib\features\dashboard\presentation\view_model\dashboard_state.dart
DA:12,1
DA:16,2
DA:18,1
DA:21,1
DA:22,0
DA:26,1
DA:27,2
LF:7
LH:6
end_of_record
SF:lib\features\dashboard\presentation\view_model\dashboard_cubit.dart
DA:12,3
DA:14,1
DA:15,3
LF:3
LH:3
end_of_record
SF:lib\features\dashboard\presentation\view\bottom_navigation_view\home_view.dart
DA:5,4
DA:7,0
LF:2
LH:1
end_of_record
SF:lib\features\dashboard\presentation\view\bottom_navigation_view\library_view.dart
DA:4,4
DA:6,0
LF:2
LH:1
end_of_record
SF:lib\features\dashboard\presentation\view\bottom_navigation_view\profile_view.dart
DA:4,4
DA:6,0
LF:2
LH:1
end_of_record
SF:lib\features\dashboard\presentation\view\bottom_navigation_view\settings_view.dart
DA:4,4
DA:6,0
LF:2
LH:1
end_of_record
